<?xml version="1.0" encoding="UTF-8"?>
<!-- Generated by org.testng.reporters.JUnitXMLReporter -->
<testsuite ignored="0" hostname="DESKTOP-OUT6V2T" failures="1" tests="4" name="Test1" time="36.753" errors="0" timestamp="2024-01-19T13:43:24 IST">
  <testcase classname="teacherModule.CreateTimeTableTest" name="createTimeTableTest" time="3.377">
    <skipped/>
  </testcase> <!-- createTimeTableTest -->
  <testcase classname="teacherModule.CreateTimeTableTest" name="createTimeTableTest" time="1.264">
    <skipped/>
  </testcase> <!-- createTimeTableTest -->
  <testcase classname="teacherModule.CreateTimeTableTest" name="createTimeTableTest" time="1.233">
    <skipped/>
  </testcase> <!-- createTimeTableTest -->
  <testcase classname="teacherModule.CreateTimeTableTest" name="createTimeTableTest" time="0.837">
    <failure type="java.lang.AssertionError" message="null">
      <![CDATA[java.lang.AssertionError: null
at teacherModule.CreateTimeTableTest.createTimeTableTest(CreateTimeTableTest.java:33)
at java.base/java.util.ArrayList.forEach(ArrayList.java:1511)
at java.base/java.util.concurrent.FutureTask.run(FutureTask.java:264)
at java.base/java.util.concurrent.ThreadPoolExecutor.runWorker(ThreadPoolExecutor.java:1136)
at java.base/java.util.concurrent.ThreadPoolExecutor$Worker.run(ThreadPoolExecutor.java:635)
at java.base/java.lang.Thread.run(Thread.java:842)
... Removed 19 stack frames]]>
    </failure>
  </testcase> <!-- createTimeTableTest -->
</testsuite> <!-- Test1 -->
